<?xml version="1.0" encoding="UTF-8" standalone="no"?>
<!DOCTYPE log SYSTEM "logger.dtd">
<head/><log>
<record>
  <date>2016-11-30T16:26:18.084-0300</date>
  <logger>JOAO MAURICIO ALVES VALVERDE CARVALHO</logger>
  <level>FINE</level>
  <message>File 115211593-JOAO MAURICIO ALVES VALVERDE CARVALHO.zip was received. It was sent by JOAO MAURICIO ALVES VALVERDE CARVALHO from IP 150.165.74.120</message>
</record>
</log>
<?xml version="1.0" encoding="UTF-8" standalone="no"?>
<!DOCTYPE log SYSTEM "logger.dtd">
<log>
<record>
  <date>2016-11-30T22:41:09.859-0300</date>
  <logger>JOAO MAURICIO ALVES VALVERDE CARVALHO</logger>
  <level>FINE</level>
  <message>File 115211593-JOAO MAURICIO ALVES VALVERDE CARVALHO.zip was received. It was sent by JOAO MAURICIO ALVES VALVERDE CARVALHO from IP 127.0.1.1</message>
</record>
</log>
<?xml version="1.0" encoding="UTF-8" standalone="no"?>
<!DOCTYPE log SYSTEM "logger.dtd">
<log>
<record>
  <date>2016-12-01T01:19:25.543-0300</date>
  <logger>JOAO MAURICIO ALVES VALVERDE CARVALHO</logger>
  <level>FINE</level>
  <message>File 115211593-JOAO MAURICIO ALVES VALVERDE CARVALHO.zip was received. It was sent by JOAO MAURICIO ALVES VALVERDE CARVALHO from IP 127.0.1.1</message>
</record>
