<?xml version="1.0" encoding="UTF-8" standalone="no"?>
<!DOCTYPE log SYSTEM "logger.dtd">
<head/><log>
<record>
  <date>2016-11-23T16:13:17.004-0300</date>
  <logger>JOAO MAURICIO ALVES VALVERDE CARVALHO</logger>
  <level>FINE</level>
  <message>File 115211593-JOAO MAURICIO ALVES VALVERDE CARVALHO.zip was received. It was sent by JOAO MAURICIO ALVES VALVERDE CARVALHO from IP 150.165.54.140</message>
</record>
</log>
<?xml version="1.0" encoding="UTF-8" standalone="no"?>
<!DOCTYPE log SYSTEM "logger.dtd">
<log>
<record>
  <date>2016-11-23T20:28:24.284-0300</date>
  <logger>JOAO MAURICIO ALVES VALVERDE CARVALHO</logger>
  <level>FINE</level>
  <message>File 115211593-JOAO MAURICIO ALVES VALVERDE CARVALHO.zip was received. It was sent by JOAO MAURICIO ALVES VALVERDE CARVALHO from IP 127.0.1.1</message>
</record>
</log>
<?xml version="1.0" encoding="UTF-8" standalone="no"?>
<!DOCTYPE log SYSTEM "logger.dtd">
<log>
<record>
  <date>2016-11-23T20:32:03.355-0300</date>
  <logger>JOAO MAURICIO ALVES VALVERDE CARVALHO</logger>
  <level>FINE</level>
  <message>File 115211593-JOAO MAURICIO ALVES VALVERDE CARVALHO.zip was received. It was sent by JOAO MAURICIO ALVES VALVERDE CARVALHO from IP 127.0.1.1</message>
</record>
</log>
<?xml version="1.0" encoding="UTF-8" standalone="no"?>
<!DOCTYPE log SYSTEM "logger.dtd">
<log>
<record>
  <date>2016-11-23T21:27:18.792-0300</date>
  <logger>JOAO MAURICIO ALVES VALVERDE CARVALHO</logger>
  <level>FINE</level>
  <message>File 115211593-JOAO MAURICIO ALVES VALVERDE CARVALHO.zip was received. It was sent by JOAO MAURICIO ALVES VALVERDE CARVALHO from IP 127.0.1.1</message>
</record>
</log>
<?xml version="1.0" encoding="UTF-8" standalone="no"?>
<!DOCTYPE log SYSTEM "logger.dtd">
<log>
<record>
  <date>2016-11-23T21:51:41.433-0300</date>
  <logger>JOAO MAURICIO ALVES VALVERDE CARVALHO</logger>
  <level>FINE</level>
  <message>File 115211593-JOAO MAURICIO ALVES VALVERDE CARVALHO.zip was received. It was sent by JOAO MAURICIO ALVES VALVERDE CARVALHO from IP 127.0.1.1</message>
</record>
</log>
<?xml version="1.0" encoding="UTF-8" standalone="no"?>
<!DOCTYPE log SYSTEM "logger.dtd">
<log>
<record>
  <date>2016-11-23T22:20:39.167-0300</date>
  <logger>JOAO MAURICIO ALVES VALVERDE CARVALHO</logger>
  <level>FINE</level>
  <message>File 115211593-JOAO MAURICIO ALVES VALVERDE CARVALHO.zip was received. It was sent by JOAO MAURICIO ALVES VALVERDE CARVALHO from IP 127.0.1.1</message>
</record>
</log>
<?xml version="1.0" encoding="UTF-8" standalone="no"?>
<!DOCTYPE log SYSTEM "logger.dtd">
<log>
<record>
  <date>2016-11-23T23:21:44.197-0300</date>
  <logger>JOAO MAURICIO ALVES VALVERDE CARVALHO</logger>
  <level>FINE</level>
  <message>File 115211593-JOAO MAURICIO ALVES VALVERDE CARVALHO.zip was received. It was sent by JOAO MAURICIO ALVES VALVERDE CARVALHO from IP 127.0.1.1</message>
</record>
</log>
<?xml version="1.0" encoding="UTF-8" standalone="no"?>
<!DOCTYPE log SYSTEM "logger.dtd">
<log>
<record>
  <date>2016-11-23T23:41:27.771-0300</date>
  <logger>JOAO MAURICIO ALVES VALVERDE CARVALHO</logger>
  <level>FINE</level>
  <message>File 115211593-JOAO MAURICIO ALVES VALVERDE CARVALHO.zip was received. It was sent by JOAO MAURICIO ALVES VALVERDE CARVALHO from IP 127.0.1.1</message>
</record>
