<?xml version="1.0" encoding="UTF-8" standalone="no"?>
<!DOCTYPE log SYSTEM "logger.dtd">
<head/><log>
<record>
  <date>2016-12-05T14:10:38.984-0300</date>
  <logger>JOAO MAURICIO ALVES VALVERDE CARVALHO</logger>
  <level>FINE</level>
  <message>File 115211593-JOAO MAURICIO ALVES VALVERDE CARVALHO.zip was received. It was sent by JOAO MAURICIO ALVES VALVERDE CARVALHO from IP 150.165.74.114</message>
</record>
</log>
<?xml version="1.0" encoding="UTF-8" standalone="no"?>
<!DOCTYPE log SYSTEM "logger.dtd">
<log>
<record>
  <date>2016-12-05T21:15:43.954-0300</date>
  <logger>JOAO MAURICIO ALVES VALVERDE CARVALHO</logger>
  <level>FINE</level>
  <message>File 115211593-JOAO MAURICIO ALVES VALVERDE CARVALHO.zip was received. It was sent by JOAO MAURICIO ALVES VALVERDE CARVALHO from IP 127.0.1.1</message>
</record>
</log>
<?xml version="1.0" encoding="UTF-8" standalone="no"?>
<!DOCTYPE log SYSTEM "logger.dtd">
<log>
<record>
  <date>2016-12-05T23:05:17.023-0300</date>
  <logger>JOAO MAURICIO ALVES VALVERDE CARVALHO</logger>
  <level>FINE</level>
  <message>File 115211593-JOAO MAURICIO ALVES VALVERDE CARVALHO.zip was received. It was sent by JOAO MAURICIO ALVES VALVERDE CARVALHO from IP 127.0.1.1</message>
</record>
