<?xml version="1.0" encoding="UTF-8" standalone="no"?>
<!DOCTYPE log SYSTEM "logger.dtd">
<log>
<record>
  <date>2017-02-08T16:16:17.117-0300</date>
  <logger>JOAO MAURICIO ALVES VALVERDE CARVALHO</logger>
  <level>FINE</level>
  <message>File 115211593-JOAO MAURICIO ALVES VALVERDE CARVALHO.zip was received. It was sent by JOAO MAURICIO ALVES VALVERDE CARVALHO from IP 192.168.25.213</message>
</record>
</log>
<?xml version="1.0" encoding="UTF-8" standalone="no"?>
<!DOCTYPE log SYSTEM "logger.dtd">
<log>
<record>
  <date>2017-02-09T14:10:06.790-0300</date>
  <logger>JOAO MAURICIO ALVES VALVERDE CARVALHO</logger>
  <level>FINE</level>
  <message>File 115211593-JOAO MAURICIO ALVES VALVERDE CARVALHO.zip was received. It was sent by JOAO MAURICIO ALVES VALVERDE CARVALHO from IP 192.168.25.213</message>
</record>
</log>
<?xml version="1.0" encoding="UTF-8" standalone="no"?>
<!DOCTYPE log SYSTEM "logger.dtd">
<log>
<record>
  <date>2017-02-09T14:44:05.707-0300</date>
  <logger>JOAO MAURICIO ALVES VALVERDE CARVALHO</logger>
  <level>FINE</level>
  <message>File 115211593-JOAO MAURICIO ALVES VALVERDE CARVALHO.zip was received. It was sent by JOAO MAURICIO ALVES VALVERDE CARVALHO from IP 192.168.25.213</message>
</record>
