<?xml version="1.0" encoding="UTF-8" standalone="no"?>
<!DOCTYPE log SYSTEM "logger.dtd">
<head/><log>
<record>
  <date>2016-11-28T14:17:35.591-0300</date>
  <logger>JOAO MAURICIO ALVES VALVERDE CARVALHO</logger>
  <level>FINE</level>
  <message>File 115211593-JOAO MAURICIO ALVES VALVERDE CARVALHO.zip was received. It was sent by JOAO MAURICIO ALVES VALVERDE CARVALHO from IP 150.165.74.121</message>
</record>
</log>
<?xml version="1.0" encoding="UTF-8" standalone="no"?>
<!DOCTYPE log SYSTEM "logger.dtd">
<log>
<record>
  <date>2016-11-28T21:01:02.355-0300</date>
  <logger>JOAO MAURICIO ALVES VALVERDE CARVALHO</logger>
  <level>FINE</level>
  <message>File 115211593-JOAO MAURICIO ALVES VALVERDE CARVALHO.zip was received. It was sent by JOAO MAURICIO ALVES VALVERDE CARVALHO from IP 127.0.1.1</message>
</record>
</log>
<?xml version="1.0" encoding="UTF-8" standalone="no"?>
<!DOCTYPE log SYSTEM "logger.dtd">
<log>
<record>
  <date>2016-11-28T21:25:02.374-0300</date>
  <logger>JOAO MAURICIO ALVES VALVERDE CARVALHO</logger>
  <level>FINE</level>
  <message>File 115211593-JOAO MAURICIO ALVES VALVERDE CARVALHO.zip was received. It was sent by JOAO MAURICIO ALVES VALVERDE CARVALHO from IP 127.0.1.1</message>
</record>
</log>
<?xml version="1.0" encoding="UTF-8" standalone="no"?>
<!DOCTYPE log SYSTEM "logger.dtd">
<log>
<record>
  <date>2016-11-28T23:20:30.680-0300</date>
  <logger>JOAO MAURICIO ALVES VALVERDE CARVALHO</logger>
  <level>FINE</level>
  <message>File 115211593-JOAO MAURICIO ALVES VALVERDE CARVALHO.zip was received. It was sent by JOAO MAURICIO ALVES VALVERDE CARVALHO from IP 127.0.1.1</message>
</record>
